[debug] [2021-05-21T05:56:16.943Z] ----------------------------------------------------------------------
[debug] [2021-05-21T05:56:16.945Z] Command:       C:\Program Files\nodejs\node.exe C:\Users\Home\AppData\Roaming\npm\node_modules\firebase-tools\lib\bin\firebase.js init
[debug] [2021-05-21T05:56:16.946Z] CLI Version:   9.11.0
[debug] [2021-05-21T05:56:16.946Z] Platform:      win32
[debug] [2021-05-21T05:56:16.946Z] Node Version:  v14.16.1
[debug] [2021-05-21T05:56:16.948Z] Time:          Fri May 21 2021 11:26:16 GMT+0530 (India Standard Time)
[debug] [2021-05-21T05:56:16.948Z] ----------------------------------------------------------------------
[debug] 
[debug] [2021-05-21T05:56:16.957Z] > command requires scopes: ["email","openid","https://www.googleapis.com/auth/cloudplatformprojects.readonly","https://www.googleapis.com/auth/firebase","https://www.googleapis.com/auth/cloud-platform"]
[debug] [2021-05-21T05:56:16.957Z] > authorizing via signed-in user (ananthaneerav@gmail.com)
[info] 
     ######## #### ########  ######## ########     ###     ######  ########
     ##        ##  ##     ## ##       ##     ##  ##   ##  ##       ##
     ######    ##  ########  ######   ########  #########  ######  ######
     ##        ##  ##    ##  ##       ##     ## ##     ##       ## ##
     ##       #### ##     ## ######## ########  ##     ##  ######  ########

You're about to initialize a Firebase project in this directory:

  C:\Users\Home\Desktop\e-commerce

[info] 
=== Project Setup
[info] 
[info] First, let's associate this project directory with a Firebase project.
[info] You can create multiple project aliases by running firebase use --add, 
[info] but for now we'll just set up a default project.
[info] 
[debug] [2021-05-21T05:56:44.312Z] >>> [apiv2][query] GET https://firebase.googleapis.com/v1beta1/projects pageSize=100
[debug] [2021-05-21T05:56:45.209Z] <<< [apiv2][status] GET https://firebase.googleapis.com/v1beta1/projects 200
[debug] [2021-05-21T05:56:45.210Z] <<< [apiv2][body] GET https://firebase.googleapis.com/v1beta1/projects [omitted]
[info] i  Using project e-commerce-597b0 (e-commerce) 
[info] 
=== Hosting Setup
[info] 
[info] Your public directory is the folder (relative to your project directory) that
[info] will contain Hosting assets to be uploaded with firebase deploy. If you
[info] have a build process for your assets, use your build's output directory.
[info] 
